app/build/intermediates/manifest_merge_blame_file/debug/manifest-merger-blame-debug-report.txt
1<?xml version="1.0" encoding="utf-8"?>
2<manifest xmlns:android="http://schemas.android.com/apk/res/android"
3    package="com.google.mlkit.md"
4    android:installLocation="auto"
5    android:versionCode="1"
6    android:versionName="1.0" >
7
8    <uses-sdk
9        android:minSdkVersion="19"
9-->src\main\AndroidManifest.xml
10        android:targetSdkVersion="29" />
10-->src\main\AndroidManifest.xml
11
12    <uses-feature android:name="android.hardware.camera" />
12-->src\main\AndroidManifest.xml:7:3-57
12-->src\main\AndroidManifest.xml:7:17-55
13    <uses-feature android:name="android.hardware.usb.host" />
13-->src\main\AndroidManifest.xml:9:3-60
13-->src\main\AndroidManifest.xml:9:17-57
14
15    <uses-permission android:name="android.permission.INTERNET" />
15-->src\main\AndroidManifest.xml:12:3-64
15-->src\main\AndroidManifest.xml:12:20-62
16    <uses-permission android:name="android.permission.CAMERA" />
16-->src\main\AndroidManifest.xml:13:3-62
16-->src\main\AndroidManifest.xml:13:20-60
17
18    <meta-data android:name="android.hardware.usb.action.USB_DEVICE_ATTACHED" />
18-->src\main\AndroidManifest.xml:17:3-79
18-->src\main\AndroidManifest.xml:17:14-76
19
20    <uses-permission android:name="android.permission.WRITE_EXTERNAL_STORAGE" />
20-->src\main\AndroidManifest.xml:18:3-79
20-->src\main\AndroidManifest.xml:18:20-76
21    <uses-permission android:name="android.permission.READ_EXTERNAL_STORAGE" />
21-->src\main\AndroidManifest.xml:19:3-78
21-->src\main\AndroidManifest.xml:19:20-75
22    <uses-permission android:name="android.permission.CHANGE_NETWORK_STATE" />
22-->src\main\AndroidManifest.xml:20:3-77
22-->src\main\AndroidManifest.xml:20:20-74
23    <uses-permission android:name="android.permission.CHANGE_WIFI_STATE" />
23-->src\main\AndroidManifest.xml:21:3-74
23-->src\main\AndroidManifest.xml:21:20-71
24    <uses-permission android:name="android.permission.ACCESS_NETWORK_STATE" />
24-->src\main\AndroidManifest.xml:22:3-77
24-->src\main\AndroidManifest.xml:22:20-74
25    <uses-permission android:name="android.permission.ACCESS_WIFI_STATE" />
25-->src\main\AndroidManifest.xml:23:3-74
25-->src\main\AndroidManifest.xml:23:20-71
26    <uses-permission android:name="android.permission.WAKE_LOCK" />
26-->src\main\AndroidManifest.xml:24:3-66
26-->src\main\AndroidManifest.xml:24:20-63
27    <uses-permission android:name="android.permission.ACCESS_COARSE_LOCATION" />
27-->src\main\AndroidManifest.xml:26:3-79
27-->src\main\AndroidManifest.xml:26:20-76
28    <uses-permission android:name="android.permission.ACCESS_FINE_LOCATION" />
28-->src\main\AndroidManifest.xml:27:3-77
28-->src\main\AndroidManifest.xml:27:20-74
29
30    <application
30-->src\main\AndroidManifest.xml:30:3-83:17
31        android:name="androidx.multidex.MultiDexApplication"
32        android:allowBackup="true"
32-->src\main\AndroidManifest.xml:31:7-33
33        android:appComponentFactory="androidx.core.app.CoreComponentFactory"
33-->[androidx.core:core:1.3.1] AndroidManifest.xml:24:18-86
34        android:debuggable="true"
35        android:icon="@drawable/logo_mlkit"
35-->src\main\AndroidManifest.xml:32:7-42
36        android:label="@string/app_name"
36-->src\main\AndroidManifest.xml:33:7-39
37        android:supportsRtl="true"
37-->src\main\AndroidManifest.xml:34:7-33
38        android:testOnly="true"
39        android:theme="@style/AppTheme" >
39-->src\main\AndroidManifest.xml:35:7-38
40        <meta-data
40-->src\main\AndroidManifest.xml:38:5-40:64
41            android:name="com.google.android.gms.version"
41-->src\main\AndroidManifest.xml:39:9-54
42            android:value="@integer/google_play_services_version" />
42-->src\main\AndroidManifest.xml:40:9-62
43
44        <activity
44-->src\main\AndroidManifest.xml:42:5-50:16
45            android:name="com.google.mlkit.md.MainActivity"
45-->src\main\AndroidManifest.xml:43:9-56
46            android:exported="true"
46-->src\main\AndroidManifest.xml:44:9-32
47            android:screenOrientation="portrait" >
47-->src\main\AndroidManifest.xml:45:9-45
48            <intent-filter>
48-->src\main\AndroidManifest.xml:46:7-49:23
49                <action android:name="android.intent.action.MAIN" />
49-->src\main\AndroidManifest.xml:47:9-60
49-->src\main\AndroidManifest.xml:47:17-58
50
51                <category android:name="android.intent.category.LAUNCHER" />
51-->src\main\AndroidManifest.xml:48:9-68
51-->src\main\AndroidManifest.xml:48:19-66
52            </intent-filter>
53        </activity>
54        <activity
54-->src\main\AndroidManifest.xml:52:5-56:16
55            android:name="com.google.mlkit.md.LiveObjectDetectionActivity"
55-->src\main\AndroidManifest.xml:53:9-71
56            android:exported="false"
56-->src\main\AndroidManifest.xml:54:9-33
57            android:screenOrientation="portrait" >
57-->src\main\AndroidManifest.xml:55:9-45
58        </activity>
59        <activity
59-->src\main\AndroidManifest.xml:58:5-62:16
60            android:name="com.google.mlkit.md.LiveBarcodeScanningActivity"
60-->src\main\AndroidManifest.xml:59:9-71
61            android:exported="false"
61-->src\main\AndroidManifest.xml:60:9-33
62            android:screenOrientation="portrait" >
62-->src\main\AndroidManifest.xml:61:9-45
63        </activity>
64        <activity
64-->src\main\AndroidManifest.xml:64:5-68:16
65            android:name="com.google.mlkit.md.StaticObjectDetectionActivity"
65-->src\main\AndroidManifest.xml:65:9-73
66            android:exported="false"
66-->src\main\AndroidManifest.xml:66:9-33
67            android:screenOrientation="portrait" >
67-->src\main\AndroidManifest.xml:67:9-45
68        </activity>
69        <activity
69-->src\main\AndroidManifest.xml:70:5-74:16
70            android:name="com.google.mlkit.md.CustomModelObjectDetectionActivity"
70-->src\main\AndroidManifest.xml:71:9-78
71            android:exported="false"
71-->src\main\AndroidManifest.xml:72:9-33
72            android:screenOrientation="portrait" >
72-->src\main\AndroidManifest.xml:73:9-45
73        </activity>
74        <activity
74-->src\main\AndroidManifest.xml:76:5-81:16
75            android:name="com.google.mlkit.md.settings.SettingsActivity"
75-->src\main\AndroidManifest.xml:77:9-69
76            android:exported="false"
76-->src\main\AndroidManifest.xml:78:9-33
77            android:label="@string/settings_title"
77-->src\main\AndroidManifest.xml:79:9-47
78            android:screenOrientation="portrait" >
78-->src\main\AndroidManifest.xml:80:9-45
79        </activity>
80        <activity
80-->[com.leon:lfilepickerlibrary:1.7.0] AndroidManifest.xml:14:9-17:20
81            android:name="com.leon.lfilepickerlibrary.ui.LFilePickerActivity"
81-->[com.leon:lfilepickerlibrary:1.7.0] AndroidManifest.xml:15:13-78
82            android:theme="@style/LibraryAppTheme" >
82-->[com.leon:lfilepickerlibrary:1.7.0] AndroidManifest.xml:16:13-51
83        </activity>
84        <activity
84-->[com.yancy.imageselector:imageselector:1.3.3] AndroidManifest.xml:14:9-17:57
85            android:name="com.yancy.imageselector.ImageSelectorActivity"
85-->[com.yancy.imageselector:imageselector:1.3.3] AndroidManifest.xml:15:13-73
86            android:configChanges="orientation|screenSize"
86-->[com.yancy.imageselector:imageselector:1.3.3] AndroidManifest.xml:16:13-59
87            android:theme="@style/ImageSelectorTheme" />
87-->[com.yancy.imageselector:imageselector:1.3.3] AndroidManifest.xml:17:13-54
88
89        <service
89-->[com.google.mlkit:object-detection:16.2.1] AndroidManifest.xml:8:9-14:19
90            android:name="com.google.mlkit.common.internal.MlKitComponentDiscoveryService"
90-->[com.google.mlkit:object-detection:16.2.1] AndroidManifest.xml:9:13-91
91            android:directBootAware="true"
91-->[com.google.mlkit:common:17.0.0] AndroidManifest.xml:17:13-43
92            android:exported="false" >
92-->[com.google.mlkit:object-detection:16.2.1] AndroidManifest.xml:10:13-37
93            <meta-data
93-->[com.google.mlkit:object-detection:16.2.1] AndroidManifest.xml:11:13-13:85
94                android:name="com.google.firebase.components:com.google.mlkit.vision.objects.defaults.internal.DefaultObjectsRegistrar"
94-->[com.google.mlkit:object-detection:16.2.1] AndroidManifest.xml:12:17-136
95                android:value="com.google.firebase.components.ComponentRegistrar" />
95-->[com.google.mlkit:object-detection:16.2.1] AndroidManifest.xml:13:17-82
96            <meta-data
96-->[com.google.mlkit:object-detection-custom:16.2.1] AndroidManifest.xml:11:13-13:85
97                android:name="com.google.firebase.components:com.google.mlkit.vision.objects.custom.internal.CustomObjectsRegistrar"
97-->[com.google.mlkit:object-detection-custom:16.2.1] AndroidManifest.xml:12:17-133
98                android:value="com.google.firebase.components.ComponentRegistrar" />
98-->[com.google.mlkit:object-detection-custom:16.2.1] AndroidManifest.xml:13:17-82
99            <meta-data
99-->[com.google.android.gms:play-services-mlkit-barcode-scanning:16.1.2] AndroidManifest.xml:12:13-14:85
100                android:name="com.google.firebase.components:com.google.mlkit.vision.barcode.internal.BarcodeRegistrar"
100-->[com.google.android.gms:play-services-mlkit-barcode-scanning:16.1.2] AndroidManifest.xml:13:17-120
101                android:value="com.google.firebase.components.ComponentRegistrar" />
101-->[com.google.android.gms:play-services-mlkit-barcode-scanning:16.1.2] AndroidManifest.xml:14:17-82
102            <meta-data
102-->[com.google.mlkit:vision-internal-vkp:17.0.1] AndroidManifest.xml:11:13-13:85
103                android:name="com.google.firebase.components:com.google.mlkit.vision.vkp.VkpRegistrar"
103-->[com.google.mlkit:vision-internal-vkp:17.0.1] AndroidManifest.xml:12:17-103
104                android:value="com.google.firebase.components.ComponentRegistrar" />
104-->[com.google.mlkit:vision-internal-vkp:17.0.1] AndroidManifest.xml:13:17-82
105            <meta-data
105-->[com.google.mlkit:vision-common:16.1.0] AndroidManifest.xml:12:13-14:85
106                android:name="com.google.firebase.components:com.google.mlkit.vision.common.internal.VisionCommonRegistrar"
106-->[com.google.mlkit:vision-common:16.1.0] AndroidManifest.xml:13:17-124
107                android:value="com.google.firebase.components.ComponentRegistrar" />
107-->[com.google.mlkit:vision-common:16.1.0] AndroidManifest.xml:14:17-82
108            <meta-data
108-->[com.google.mlkit:common:17.0.0] AndroidManifest.xml:20:13-22:85
109                android:name="com.google.firebase.components:com.google.mlkit.common.internal.CommonComponentRegistrar"
109-->[com.google.mlkit:common:17.0.0] AndroidManifest.xml:21:17-120
110                android:value="com.google.firebase.components.ComponentRegistrar" />
110-->[com.google.mlkit:common:17.0.0] AndroidManifest.xml:22:17-82
111        </service>
112
113        <provider
113-->[com.google.mlkit:common:17.0.0] AndroidManifest.xml:9:9-13:38
114            android:name="com.google.mlkit.common.internal.MlKitInitProvider"
114-->[com.google.mlkit:common:17.0.0] AndroidManifest.xml:10:13-78
115            android:authorities="com.google.mlkit.md.mlkitinitprovider"
115-->[com.google.mlkit:common:17.0.0] AndroidManifest.xml:11:13-69
116            android:exported="false"
116-->[com.google.mlkit:common:17.0.0] AndroidManifest.xml:12:13-37
117            android:initOrder="99" />
117-->[com.google.mlkit:common:17.0.0] AndroidManifest.xml:13:13-35
118
119        <activity
119-->[com.google.android.gms:play-services-base:17.0.0] AndroidManifest.xml:23:9-26:75
120            android:name="com.google.android.gms.common.api.GoogleApiActivity"
120-->[com.google.android.gms:play-services-base:17.0.0] AndroidManifest.xml:24:13-79
121            android:exported="false"
121-->[com.google.android.gms:play-services-base:17.0.0] AndroidManifest.xml:25:13-37
122            android:theme="@android:style/Theme.Translucent.NoTitleBar" />
122-->[com.google.android.gms:play-services-base:17.0.0] AndroidManifest.xml:26:13-72
123
124        <provider
124-->[androidx.lifecycle:lifecycle-process:2.1.0] AndroidManifest.xml:23:9-27:43
125            android:name="androidx.lifecycle.ProcessLifecycleOwnerInitializer"
125-->[androidx.lifecycle:lifecycle-process:2.1.0] AndroidManifest.xml:24:13-79
126            android:authorities="com.google.mlkit.md.lifecycle-process"
126-->[androidx.lifecycle:lifecycle-process:2.1.0] AndroidManifest.xml:25:13-69
127            android:exported="false"
127-->[androidx.lifecycle:lifecycle-process:2.1.0] AndroidManifest.xml:26:13-37
128            android:multiprocess="true" />
128-->[androidx.lifecycle:lifecycle-process:2.1.0] AndroidManifest.xml:27:13-40
129    </application>
130
131</manifest>